# JRE version: Java(TM) SE Runtime Environment 18.9 (11.0.16+11) (build 11.0.16+11-LTS-199)
# Java VM: Java HotSpot(TM) 64-Bit Server VM 18.9 (11.0.16+11-LTS-199, mixed mode, tiered, compressed oops, g1 gc, windows-amd64)
Heap:
 garbage-first heap   total 92160K, used 62445K [0x0000000701a00000, 0x0000000800000000)
  region size 1024K, 33 young (33792K), 3 survivors (3072K)
 Metaspace       used 72643K, capacity 76632K, committed 76880K, reserved 1116160K
  class space    used 9328K, capacity 10682K, committed 10752K, reserved 1048576K
GC Heap History (10 events):
Event: 6847.936 GC heap before
{Heap before GC invocations=183 (full 31):
 garbage-first heap   total 92160K, used 75589K [0x0000000701a00000, 0x0000000800000000)
  region size 1024K, 43 young (44032K), 3 survivors (3072K)
 Metaspace       used 72451K, capacity 76390K, committed 76624K, reserved 1116160K
  class space    used 9306K, capacity 10643K, committed 10752K, reserved 1048576K
}
Event: 6847.937 GC heap after
{Heap after GC invocations=184 (full 31):
 garbage-first heap   total 92160K, used 34667K [0x0000000701a00000, 0x0000000800000000)
  region size 1024K, 3 young (3072K), 3 survivors (3072K)
 Metaspace       used 72451K, capacity 76390K, committed 76624K, reserved 1116160K
  class space    used 9306K, capacity 10643K, committed 10752K, reserved 1048576K
}
Event: 6929.978 GC heap before
{Heap before GC invocations=184 (full 31):
 garbage-first heap   total 92160K, used 75627K [0x0000000701a00000, 0x0000000800000000)
  region size 1024K, 43 young (44032K), 3 survivors (3072K)
 Metaspace       used 72451K, capacity 76390K, committed 76624K, reserved 1116160K
  class space    used 9306K, capacity 10643K, committed 10752K, reserved 1048576K
}
Event: 6929.981 GC heap after
{Heap after GC invocations=185 (full 31):
 garbage-first heap   total 92160K, used 34738K [0x0000000701a00000, 0x0000000800000000)
  region size 1024K, 4 young (4096K), 4 survivors (4096K)
 Metaspace       used 72451K, capacity 76390K, committed 76624K, reserved 1116160K
  class space    used 9306K, capacity 10643K, committed 10752K, reserved 1048576K
}
Event: 7010.106 GC heap before
{Heap before GC invocations=185 (full 31):
 garbage-first heap   total 92160K, used 74674K [0x0000000701a00000, 0x0000000800000000)
  region size 1024K, 43 young (44032K), 4 survivors (4096K)
 Metaspace       used 72451K, capacity 76390K, committed 76624K, reserved 1116160K
  class space    used 9306K, capacity 10643K, committed 10752K, reserved 1048576K
}
Event: 7010.107 GC heap after
{Heap after GC invocations=186 (full 31):
 garbage-first heap   total 92160K, used 34668K [0x0000000701a00000, 0x0000000800000000)
  region size 1024K, 3 young (3072K), 3 survivors (3072K)
 Metaspace       used 72451K, capacity 76390K, committed 76624K, reserved 1116160K
  class space    used 9306K, capacity 10643K, committed 10752K, reserved 1048576K
}
Event: 7043.743 GC heap before
{Heap before GC invocations=186 (full 31):
 garbage-first heap   total 92160K, used 53100K [0x0000000701a00000, 0x0000000800000000)
  region size 1024K, 22 young (22528K), 3 survivors (3072K)
 Metaspace       used 72454K, capacity 76396K, committed 76624K, reserved 1116160K
  class space    used 9306K, capacity 10645K, committed 10752K, reserved 1048576K
}
Event: 7043.787 GC heap after
{Heap after GC invocations=187 (full 32):
 garbage-first heap   total 92160K, used 30515K [0x0000000701a00000, 0x0000000800000000)
  region size 1024K, 0 young (0K), 0 survivors (0K)
 Metaspace       used 72448K, capacity 76384K, committed 76624K, reserved 1116160K
  class space    used 9305K, capacity 10642K, committed 10752K, reserved 1048576K
}
Event: 7044.065 GC heap before
{Heap before GC invocations=187 (full 32):
 garbage-first heap   total 92160K, used 73523K [0x0000000701a00000, 0x0000000800000000)
  region size 1024K, 42 young (43008K), 0 survivors (0K)
 Metaspace       used 72495K, capacity 76504K, committed 76880K, reserved 1116160K
  class space    used 9314K, capacity 10682K, committed 10752K, reserved 1048576K
}
Event: 7044.067 GC heap after
{Heap after GC invocations=188 (full 32):
 garbage-first heap   total 92160K, used 32749K [0x0000000701a00000, 0x0000000800000000)
  region size 1024K, 3 young (3072K), 3 survivors (3072K)
 Metaspace       used 72495K, capacity 76504K, committed 76880K, reserved 1116160K
  class space    used 9314K, capacity 10682K, committed 10752K, reserved 1048576K
}

